{"level":"error","message":"An error occurred","timestamp":"2023-07-18T12:16:56.105Z"}
{"level":"error","message":"An error occurred","timestamp":"2023-07-18T12:50:45.711Z"}
{"level":"error","message":"An error occurred","timestamp":"2023-08-23T06:04:17.002Z"}
{"level":"error","message":"An error occurred","timestamp":"2023-08-23T06:04:20.472Z"}
{"level":"error","message":"Failed to fetch procedures","timestamp":"2023-08-23T06:11:20.360Z"}
{"level":"error","message":"Failed to fetch procedures","timestamp":"2023-08-23T06:17:47.429Z"}
{"level":"error","message":"Failed to fetch procedures","timestamp":"2023-08-23T06:19:16.232Z"}
{"level":"error","message":"Failed to fetch procedures","timestamp":"2023-08-23T06:22:41.066Z"}
{"level":"error","message":"Failed to fetch procedures","timestamp":"2023-08-23T06:35:38.621Z"}
{"level":"error","message":"An error occurred","timestamp":"2023-08-23T06:42:04.651Z"}
{"level":"error","message":"An error occurred","timestamp":"2023-08-23T06:42:07.911Z"}
{"level":"error","message":"An error occurred","timestamp":"2023-08-23T06:43:48.135Z"}
{"level":"error","message":"An error occurred","timestamp":"2023-08-23T06:44:54.690Z"}
{"level":"error","message":"An error occurred","timestamp":"2023-08-23T06:46:26.502Z"}
{"level":"error","message":"An error occurred","timestamp":"2023-08-23T07:07:44.693Z"}
{"level":"error","message":"An error occurred","timestamp":"2023-08-23T07:07:48.472Z"}
{"level":"error","message":"An error occurred","timestamp":"2023-08-24T06:26:06.146Z"}
{"level":"error","message":"An error occurred","timestamp":"2023-08-24T06:40:51.830Z"}
{"level":"error","message":"An error occurred","timestamp":"2023-08-24T06:41:23.376Z"}
{"level":"error","message":"An error occurred","timestamp":"2023-08-24T06:42:13.266Z"}
{"level":"error","message":"An error occurred","timestamp":"2023-08-24T09:03:38.393Z"}
{"level":"error","message":"An error occurred","timestamp":"2023-08-24T10:21:48.251Z"}
{"level":"error","message":"An error occurred","timestamp":"2023-08-24T10:23:12.351Z"}
{"level":"error","message":"An error occurred","timestamp":"2023-08-24T10:23:38.451Z"}
{"level":"error","message":"User not found in providers table either","timestamp":"2023-08-25T07:36:54.838Z"}
{"level":"error","message":"An error occurred during procedure update","timestamp":"2023-08-25T07:38:04.782Z"}
{"level":"error","message":"An error occurred","timestamp":"2023-08-25T08:50:40.394Z"}
{"level":"error","message":"An error occurred","timestamp":"2023-08-28T08:45:54.351Z"}
{"level":"error","message":"An error occurred","timestamp":"2023-08-28T08:46:34.368Z"}
{"level":"error","message":"An error occurred","timestamp":"2023-08-28T08:47:45.916Z"}
{"level":"error","message":"An error occurred","timestamp":"2023-08-28T09:04:57.294Z"}
{"level":"error","message":"An error occurred","timestamp":"2023-08-28T09:15:53.296Z"}
{"level":"error","message":"An error occurred","timestamp":"2023-08-28T12:23:26.132Z"}
{"level":"error","message":"An error occurred","timestamp":"2023-08-28T12:35:43.621Z"}
{"level":"error","message":"An error occurred during procedure update","timestamp":"2023-08-29T08:29:32.601Z"}
{"level":"error","message":"An error occurred during procedure update","timestamp":"2023-08-29T08:29:54.643Z"}
{"level":"error","message":"An error occurred during procedure update","timestamp":"2023-08-29T08:37:24.284Z"}
{"level":"error","message":"An error occurred during procedure update","timestamp":"2023-08-29T08:38:33.354Z"}
{"level":"error","message":"An error occurred during procedure update","timestamp":"2023-08-29T09:31:28.493Z"}
{"level":"error","message":"An error occurred during procedure update","timestamp":"2023-08-29T10:23:11.766Z"}
{"level":"error","message":"An error occurred during procedure update","timestamp":"2023-08-29T12:19:37.006Z"}
{"level":"error","message":"Internal sever error","timestamp":"2023-08-29T12:21:12.257Z"}
{"level":"error","message":"Internal sever error","timestamp":"2023-08-29T12:21:19.697Z"}
{"level":"error","message":"Internal sever error","timestamp":"2023-08-29T12:27:22.196Z"}
{"level":"error","message":"An error occurred during procedure update","timestamp":"2023-08-29T12:37:18.099Z"}
{"level":"error","message":"Internal sever error","timestamp":"2023-08-30T11:54:30.993Z"}
{"level":"error","message":"Internal sever error","timestamp":"2023-08-30T12:02:43.449Z"}
{"level":"error","message":"An error occurred","timestamp":"2023-08-31T06:49:39.450Z"}
{"level":"error","message":"Invalid password","timestamp":"2023-08-31T07:26:57.765Z"}
{"level":"error","message":"An error occurred","timestamp":"2023-08-31T17:14:17.623Z"}
{"level":"error","message":"Invalid password","timestamp":"2023-09-01T10:41:30.586Z"}
{"level":"error","message":"Invalid password","timestamp":"2023-09-04T10:28:12.182Z"}
{"level":"error","message":"Invalid password","timestamp":"2023-09-06T06:03:50.698Z"}
{"level":"error","message":"Invalid password","timestamp":"2023-09-06T06:04:07.397Z"}
{"level":"error","message":"Invalid password","timestamp":"2023-09-06T06:04:12.174Z"}
{"level":"error","message":"Invalid password","timestamp":"2023-09-06T06:16:52.257Z"}
{"level":"error","message":"Invalid password","timestamp":"2023-09-06T06:17:01.024Z"}
